<?xml version="1.0" encoding="UTF-8"?>
<!-- Generated by org.testng.reporters.JUnitReportReporter -->
<testsuite hostname="DESKTOP-2M3PCMS" failures="0" tests="1" name="Test_cases.TC009SPPopUpSndTxtPaymentSuccess" time="82.796" errors="0" timestamp="2023-07-14T19:26:23 IST" skipped="0">
  <testcase classname="Test_cases.TC009SPPopUpSndTxtPaymentSuccess" name="MakeApp" time="82.796"/>
  <system-out/>
</testsuite> <!-- Test_cases.TC009SPPopUpSndTxtPaymentSuccess -->
