<?xml version="1.0" encoding="UTF-8"?>
<!-- Generated by org.testng.reporters.JUnitReportReporter -->
<testsuite hostname="DESKTOP-2M3PCMS" failures="0" tests="1" name="Test_cases.TC008SPPopupSendTextFeedbackReq" time="120.663" errors="0" timestamp="2023-07-13T19:31:19 IST" skipped="0">
  <testcase classname="Test_cases.TC008SPPopupSendTextFeedbackReq" name="MakeApp" time="120.663"/>
  <system-out/>
</testsuite> <!-- Test_cases.TC008SPPopupSendTextFeedbackReq -->
