<?xml version="1.0" encoding="UTF-8"?>
<!-- Generated by org.testng.reporters.JUnitReportReporter -->
<testsuite hostname="DESKTOP-2M3PCMS" failures="0" tests="1" name="Test_cases.TC001_LoginTest" time="5.959" errors="0" timestamp="2023-06-20T14:31:00 IST" skipped="0">
  <testcase classname="Test_cases.TC001_LoginTest" name="logintest" time="5.959"/>
  <system-out/>
</testsuite> <!-- Test_cases.TC001_LoginTest -->
