<?xml version="1.0" encoding="UTF-8"?>
<!-- Generated by org.testng.reporters.JUnitReportReporter -->
<testsuite hostname="DESKTOP-2M3PCMS" failures="0" tests="1" name="Test_cases.DashboardElements" time="18.722" errors="0" timestamp="2023-06-27T13:00:20 IST" skipped="0">
  <testcase classname="Test_cases.DashboardElements" name="Dashboard" time="18.722"/>
  <system-out/>
</testsuite> <!-- Test_cases.DashboardElements -->
