<?xml version="1.0" encoding="UTF-8"?>
<!-- Generated by org.testng.reporters.JUnitReportReporter -->
<testsuite hostname="DESKTOP-2M3PCMS" failures="0" tests="1" name="Test_cases.TC005SPPopUpAppointmentConfirmation" time="77.701" errors="0" timestamp="2023-07-14T16:24:30 IST" skipped="0">
  <testcase classname="Test_cases.TC005SPPopUpAppointmentConfirmation" name="MakeApp" time="77.701"/>
  <system-out/>
</testsuite> <!-- Test_cases.TC005SPPopUpAppointmentConfirmation -->
