<?xml version="1.0" encoding="UTF-8"?>
<!-- Generated by org.testng.reporters.JUnitReportReporter -->
<testsuite hostname="DESKTOP-2M3PCMS" failures="0" tests="1" name="Test_cases.TC007ClinicEnableMVMakeApp" time="106.298" errors="0" timestamp="2023-07-18T15:08:47 IST" skipped="0">
  <testcase classname="Test_cases.TC007ClinicEnableMVMakeApp" name="Dashboard" time="106.298"/>
  <system-out/>
</testsuite> <!-- Test_cases.TC007ClinicEnableMVMakeApp -->
