<?xml version="1.0" encoding="UTF-8"?>
<!-- Generated by org.testng.reporters.JUnitReportReporter -->
<testsuite hostname="DESKTOP-2M3PCMS" failures="0" tests="1" name="Test_cases.TC004SPPopUpSendTextBirthday" time="90.667" errors="0" timestamp="2023-07-13T17:44:33 IST" skipped="0">
  <testcase classname="Test_cases.TC004SPPopUpSendTextBirthday" name="MakeApp" time="90.667"/>
  <system-out/>
</testsuite> <!-- Test_cases.TC004SPPopUpSendTextBirthday -->
