<?xml version="1.0" encoding="UTF-8"?>
<!-- Generated by org.testng.reporters.JUnitReportReporter -->
<testsuite hostname="DESKTOP-2M3PCMS" failures="0" tests="1" name="Test_cases.DashboardElements_Selectview" time="13.312" errors="0" timestamp="2023-06-23T17:09:06 IST" skipped="0">
  <testcase classname="Test_cases.DashboardElements_Selectview" name="Dashboard" time="13.312"/>
  <system-out/>
</testsuite> <!-- Test_cases.DashboardElements_Selectview -->
