<?xml version="1.0" encoding="UTF-8"?>
<!-- Generated by org.testng.reporters.JUnitReportReporter -->
<testsuite hostname="DESKTOP-2M3PCMS" failures="0" tests="1" name="Test_cases.DashboardElementFRPS" time="121.929" errors="0" timestamp="2023-07-18T18:53:39 IST" skipped="0">
  <testcase classname="Test_cases.DashboardElementFRPS" name="Dashboard" time="121.929"/>
  <system-out/>
</testsuite> <!-- Test_cases.DashboardElementFRPS -->
