<?xml version="1.0" encoding="UTF-8"?>
<!-- Generated by org.testng.reporters.JUnitReportReporter -->
<testsuite hostname="DESKTOP-2M3PCMS" failures="0" tests="1" name="Test_cases.TC002_MakeApp" time="40.906" errors="0" timestamp="2023-06-27T19:49:51 IST" skipped="0">
  <testcase classname="Test_cases.TC002_MakeApp" name="MakeApp" time="40.906"/>
  <system-out/>
</testsuite> <!-- Test_cases.TC002_MakeApp -->
